#
# There is insufficient memory for the Java Runtime Environment to continue.
# Native memory allocation (mmap) failed to map 132120576 bytes for G1 virtual space
# Possible reasons:
#   The system is out of physical RAM or swap space
#   The process is running with CompressedOops enabled, and the Java Heap may be blocking the growth of the native heap
# Possible solutions:
#   Reduce memory load on the system
#   Increase physical memory or swap space
#   Check if swap backing store is full
#   Decrease Java heap size (-Xmx/-Xms)
#   Decrease number of Java threads
#   Decrease Java thread stack sizes (-Xss)
#   Set larger code cache with -XX:ReservedCodeCacheSize=
#   JVM is running with Unscaled Compressed Oops mode in which the Java heap is
#     placed in the first 4GB address space. The Java Heap base address is the
#     maximum limit for the native heap growth. Please use -XX:HeapBaseMinAddress
#     to set the Java Heap base and to place the Java Heap above 4GB virtual address.
# This output file may be truncated or incomplete.
#
#  Out of Memory Error (os_windows.cpp:3469), pid=32036, tid=31908
#
# JRE version:  (17.0.1+12) (build )
# Java VM: OpenJDK 64-Bit Server VM (17.0.1+12, mixed mode, sharing, tiered, compressed oops, compressed class ptrs, g1 gc, windows-amd64)
# No core dump will be written. Minidumps are not enabled by default on client versions of Windows
#

---------------  S U M M A R Y ------------

Command Line: -Dfile.encoding=Cp1252 -XX:+ShowCodeDetailsInExceptionMessages fr.whale.version02.Main

Host: Intel(R) Core(TM) i5-7300HQ CPU @ 2.50GHz, 4 cores, 7G,  Windows 10 , 64 bit Build 19041 (10.0.19041.1348)
Time: Sat Jan  8 22:35:05 2022  Windows 10 , 64 bit Build 19041 (10.0.19041.1348) elapsed time: 0.136075 seconds (0d 0h 0m 0s)

---------------  T H R E A D  ---------------

Current thread (0x0000028bc96b2f80):  JavaThread "Unknown thread" [_thread_in_vm, id=31908, stack(0x000000a07f000000,0x000000a07f100000)]

Stack: [0x000000a07f000000,0x000000a07f100000]
Native frames: (J=compiled Java code, j=interpreted, Vv=VM code, C=native code)
V  [jvm.dll+0x6744da]
V  [jvm.dll+0x82e144]
V  [jvm.dll+0x82f8ee]
V  [jvm.dll+0x82ff53]
V  [jvm.dll+0x245175]
V  [jvm.dll+0x6714c9]
V  [jvm.dll+0x665f92]
V  [jvm.dll+0x303c3b]
V  [jvm.dll+0x30b176]
V  [jvm.dll+0x35af1e]
V  [jvm.dll+0x35b14f]
V  [jvm.dll+0x2dab78]
V  [jvm.dll+0x2dbae4]
V  [jvm.dll+0x7ffdf1]
V  [jvm.dll+0x368c91]
V  [jvm.dll+0x7df2cc]
V  [jvm.dll+0x3eb59f]
V  [jvm.dll+0x3ed121]
C  [jli.dll+0x5277]
C  [ucrtbase.dll+0x21bb2]
C  [KERNEL32.DLL+0x17034]
C  [ntdll.dll+0x52651]


---------------  P R O C E S S  ---------------

Threads class SMR info:
_java_thread_list=0x00007ffb70d74e58, length=0, elements={
}

Java Threads: ( => current thread )

Other Threads:
  0x0000028bc96f27b0 GCTaskThread "GC Thread#0" [stack: 0x000000a07f100000,0x000000a07f200000] [id=31988]
  0x0000028bc9703910 ConcurrentGCThread "G1 Main Marker" [stack: 0x000000a07f200000,0x000000a07f300000] [id=31992]
  0x0000028bc9704320 ConcurrentGCThread "G1 Conc#0" [stack: 0x000000a07f300000,0x000000a07f400000] [id=32004]

[error occurred during error reporting (printing all threads), id 0xc0000005, EXCEPTION_ACCESS_VIOLATION (0xc0000005) at pc=0x00007ffb7054b5f7]

VM state: not at safepoint (not fully initialized)

VM Mutex/Monitor currently owned by a thread:  ([mutex/lock_event])
[0x0000028bc96ae0c0] Heap_lock - owner thread: 0x0000028bc96b2f80

Heap address: 0x0000000082c00000, size: 2004 MB, Compressed Oops mode: 32-bit

CDS archive(s) mapped at: [0x0000000000000000-0x0000000000000000-0x0000000000000000), size 0, SharedBaseAddress: 0x0000000800000000, ArchiveRelocationMode: 0.
Narrow klass base: 0x0000000000000000, Narrow klass shift: 0, Narrow klass range: 0x0

GC Precious Log:
<Empty>

Heap:
 garbage-first heap   total 0K, used 0K [0x0000000082c00000, 0x0000000100000000)
  region size 1024K, 0 young (0K), 0 survivors (0K)

[error occurred during error reporting (printing heap information), id 0xc0000005, EXCEPTION_ACCESS_VIOLATION (0xc0000005) at pc=0x00007ffb7092d729]

GC Heap History (0 events):
No events

Deoptimization events (0 events):
No events

Classes unloaded (0 events):
No events

Classes redefined (0 events):
No events

Internal exceptions (0 events):
No events

VM Operations (0 events):
No events

Events (1 events):
Event: 0.014 Loaded shared library E:\_SYSTEME\_programs\Eclipse Adoptium\jdk-17.0.1.12-hotspot\bin\java.dll


Dynamic libraries:
0x00007ff63bb90000 - 0x00007ff63bb9e000 	E:\_SYSTEME\_programs\Eclipse Adoptium\jdk-17.0.1.12-hotspot\bin\javaw.exe
0x00007ffbc4210000 - 0x00007ffbc4405000 	C:\WINDOWS\SYSTEM32\ntdll.dll
0x00007ffbc2250000 - 0x00007ffbc230e000 	C:\WINDOWS\System32\KERNEL32.DLL
0x00007ffbc1c90000 - 0x00007ffbc1f58000 	C:\WINDOWS\System32\KERNELBASE.dll
0x00007ffbc19e0000 - 0x00007ffbc1ae0000 	C:\WINDOWS\System32\ucrtbase.dll
0x00007ffbb8b70000 - 0x00007ffbb8b88000 	E:\_SYSTEME\_programs\Eclipse Adoptium\jdk-17.0.1.12-hotspot\bin\jli.dll
0x00007ffbb8a20000 - 0x00007ffbb8a39000 	E:\_SYSTEME\_programs\Eclipse Adoptium\jdk-17.0.1.12-hotspot\bin\VCRUNTIME140.dll
0x00007ffbc2d70000 - 0x00007ffbc2f11000 	C:\WINDOWS\System32\USER32.dll
0x00007ffbc19b0000 - 0x00007ffbc19d2000 	C:\WINDOWS\System32\win32u.dll
0x00007ffbc3130000 - 0x00007ffbc315b000 	C:\WINDOWS\System32\GDI32.dll
0x00007ffbc1ae0000 - 0x00007ffbc1bed000 	C:\WINDOWS\System32\gdi32full.dll
0x00007ffbc1bf0000 - 0x00007ffbc1c8d000 	C:\WINDOWS\System32\msvcp_win.dll
0x00007ffbb1760000 - 0x00007ffbb19fa000 	C:\WINDOWS\WinSxS\amd64_microsoft.windows.common-controls_6595b64144ccf1df_6.0.19041.1110_none_60b5254171f9507e\COMCTL32.dll
0x00007ffbc2f80000 - 0x00007ffbc301e000 	C:\WINDOWS\System32\msvcrt.dll
0x00007ffbc2ca0000 - 0x00007ffbc2cd0000 	C:\WINDOWS\System32\IMM32.DLL
0x00007ffbbc210000 - 0x00007ffbbc21c000 	E:\_SYSTEME\_programs\Eclipse Adoptium\jdk-17.0.1.12-hotspot\bin\vcruntime140_1.dll
0x00007ffb81940000 - 0x00007ffb819d1000 	E:\_SYSTEME\_programs\Eclipse Adoptium\jdk-17.0.1.12-hotspot\bin\msvcp140.dll
0x00007ffb70260000 - 0x00007ffb70ea6000 	E:\_SYSTEME\_programs\Eclipse Adoptium\jdk-17.0.1.12-hotspot\bin\server\jvm.dll
0x00007ffbc2b20000 - 0x00007ffbc2bcc000 	C:\WINDOWS\System32\ADVAPI32.dll
0x00007ffbc2cd0000 - 0x00007ffbc2d6b000 	C:\WINDOWS\System32\sechost.dll
0x00007ffbc29f0000 - 0x00007ffbc2b1a000 	C:\WINDOWS\System32\RPCRT4.dll
0x00007ffbc3020000 - 0x00007ffbc3028000 	C:\WINDOWS\System32\PSAPI.DLL
0x00007ffba8790000 - 0x00007ffba8799000 	C:\WINDOWS\SYSTEM32\WSOCK32.dll
0x00007ffbc30c0000 - 0x00007ffbc312b000 	C:\WINDOWS\System32\WS2_32.dll
0x00007ffbb82c0000 - 0x00007ffbb82ca000 	C:\WINDOWS\SYSTEM32\VERSION.dll
0x00007ffbb1c00000 - 0x00007ffbb1c27000 	C:\WINDOWS\SYSTEM32\WINMM.dll
0x00007ffbc01b0000 - 0x00007ffbc01c2000 	C:\WINDOWS\SYSTEM32\kernel.appcore.dll
0x00007ffbb8fe0000 - 0x00007ffbb8fea000 	E:\_SYSTEME\_programs\Eclipse Adoptium\jdk-17.0.1.12-hotspot\bin\jimage.dll
0x00007ffbbfdf0000 - 0x00007ffbbffd4000 	C:\WINDOWS\SYSTEM32\DBGHELP.DLL
0x00007ffbaf120000 - 0x00007ffbaf14c000 	C:\WINDOWS\SYSTEM32\dbgcore.DLL
0x00007ffbc1920000 - 0x00007ffbc19a2000 	C:\WINDOWS\System32\bcryptPrimitives.dll
0x00007ffb96cc0000 - 0x00007ffb96ce5000 	E:\_SYSTEME\_programs\Eclipse Adoptium\jdk-17.0.1.12-hotspot\bin\java.dll

dbghelp: loaded successfully - version: 4.0.5 - missing functions: none
symbol engine: initialized successfully - sym options: 0x614 - pdb path: .;E:\_SYSTEME\_programs\Eclipse Adoptium\jdk-17.0.1.12-hotspot\bin;C:\WINDOWS\SYSTEM32;C:\WINDOWS\WinSxS\amd64_microsoft.windows.common-controls_6595b64144ccf1df_6.0.19041.1110_none_60b5254171f9507e;E:\_SYSTEME\_programs\Eclipse Adoptium\jdk-17.0.1.12-hotspot\bin\server

VM Arguments:
jvm_args: -Dfile.encoding=Cp1252 -XX:+ShowCodeDetailsInExceptionMessages 
java_command: fr.whale.version02.Main
java_class_path (initial): E:\_SYSTEME\courses\develepeur full stack\projets\SuivrePipeline\bin
Launcher Type: SUN_STANDARD

[Global flags]
     intx CICompilerCount                          = 3                                         {product} {ergonomic}
     uint ConcGCThreads                            = 1                                         {product} {ergonomic}
     uint G1ConcRefinementThreads                  = 4                                         {product} {ergonomic}
   size_t G1HeapRegionSize                         = 1048576                                   {product} {ergonomic}
    uintx GCDrainStackTargetSize                   = 64                                        {product} {ergonomic}
   size_t InitialHeapSize                          = 132120576                                 {product} {ergonomic}
   size_t MarkStackSize                            = 4194304                                   {product} {ergonomic}
   size_t MaxHeapSize                              = 2101346304                                {product} {ergonomic}
   size_t MinHeapDeltaBytes                        = 1048576                                   {product} {ergonomic}
   size_t MinHeapSize                              = 8388608                                   {product} {ergonomic}
    uintx NonNMethodCodeHeapSize                   = 5832780                                {pd product} {ergonomic}
    uintx NonProfiledCodeHeapSize                  = 122912730                              {pd product} {ergonomic}
    uintx ProfiledCodeHeapSize                     = 122912730                              {pd product} {ergonomic}
    uintx ReservedCodeCacheSize                    = 251658240                              {pd product} {ergonomic}
     bool SegmentedCodeCache                       = true                                      {product} {ergonomic}
     bool ShowCodeDetailsInExceptionMessages       = true                                   {manageable} {command line}
   size_t SoftMaxHeapSize                          = 2101346304                             {manageable} {ergonomic}
     bool UseCompressedClassPointers               = true                           {product lp64_product} {ergonomic}
     bool UseCompressedOops                        = true                           {product lp64_product} {ergonomic}
     bool UseG1GC                                  = true                                      {product} {ergonomic}
     bool UseLargePagesIndividualAllocation        = false                                  {pd product} {ergonomic}

Logging:
Log output configuration:
 #0: stdout all=warning uptime,level,tags
 #1: stderr all=off uptime,level,tags

Environment Variables:
JAVA_HOME=E:\_SYSTEME\_programs\Eclipse Adoptium\jdk-17.0.1.12-hotspot
PATH=E:/_SYSTEME/_programs/Eclipse Adoptium/jdk-17.0.1.12-hotspot/bin/server;E:/_SYSTEME/_programs/Eclipse Adoptium/jdk-17.0.1.12-hotspot/bin;C:\Python310\Scripts\;C:\Python310\;E:\_SYSTEME\_programs\Eclipse Adoptium\jdk-17.0.1.12-hotspot\bin;C:\Program Files\NVIDIA GPU Computing Toolkit\CUDA\v11.0\bin;C:\Program Files\NVIDIA GPU Computing Toolkit\CUDA\v11.0\libnvvp;C:\Program Files (x86)\Common Files\Oracle\Java\javapath;C:\Program Files (x86)\Intel\iCLS Client\;C:\Program Files\Intel\iCLS Client\;C:\Windows\system32;C:\Windows;C:\Windows\System32\Wbem;C:\Windows\System32\WindowsPowerShell\v1.0\;C:\Program Files (x86)\Intel\Intel(R) Management Engine Components\DAL;C:\Program Files\Intel\Intel(R) Management Engine Components\DAL;C:\Program Files (x86)\Intel\Intel(R) Management Engine Components\IPT;C:\Program Files\Intel\Intel(R) Management Engine Components\IPT;C:\WINDOWS\system32;C:\WINDOWS;C:\WINDOWS\System32\Wbem;C:\WINDOWS\System32\WindowsPowerShell\v1.0\;C:\WINDOWS\System32\OpenSSH\;C:\Program Files\Git\cmd;C:\Users\Tetia\AppData\Local\Programs\Python\Python38-32\Scripts;C:\Users\Tetia\AppData\Local\Packages\PythonSoftwareFoundation.Python.3.8_qbz5n2kfra8p0\LocalCache\local-packages\Python38\Scripts;C:\Users\Tetia\AppData\Roaming\Python\Python38\Scripts;C:\Program Files\NVIDIA GPU Computing Toolkit\CUDA\v10.1\bin;C:\Program Files\NVIDIA GPU Computing Toolkit\CUDA\v10.1\libnvvp;C:\Program Files\NVIDIA GPU Computing Toolkit\CUDA\v10.1\extras\CUPTI\libx64;C:\cuda\bin;C:\Program Files (x86)\NVIDIA Corporation\PhysX\Common;C:\Program Files\NVIDIA Corporation\NVIDIA NvDLISR;C:\Program Files (x86)\Tesseract-OCR;C:\Program Files (x86)\Tesseract-OCR\tesseract.exe;C:\Program Files\NVIDIA Corporation\Nsight Compute 2019.4.0\;C:\WINDOWS\system32;C:\WINDOWS;C:\WINDOWS\System32\Wbem;C:\WINDOWS\System32\WindowsPowerShell\v1.0\;C:\WINDOWS\System32\OpenSSH\;C:\Program Files\Docker\Docker\resources\bin;C:\ProgramData\DockerDesktop\version-bin;C:\Program Files\Common Files\Autodes
USERNAME=Tetia
OS=Windows_NT
PROCESSOR_IDENTIFIER=Intel64 Family 6 Model 158 Stepping 9, GenuineIntel



---------------  S Y S T E M  ---------------

OS:
 Windows 10 , 64 bit Build 19041 (10.0.19041.1348)
OS uptime: 0 days 5:17 hours
Hyper-V role detected

CPU: total 4 (initial active 4) (4 cores per cpu, 1 threads per core) family 6 model 158 stepping 9 microcode 0xb4, cx8, cmov, fxsr, mmx, 3dnowpref, sse, sse2, sse3, ssse3, sse4.1, sse4.2, popcnt, lzcnt, tsc, tscinvbit, avx, avx2, aes, erms, clmul, bmi1, bmi2, adx, fma, vzeroupper, clflush, clflushopt, hv

Memory: 4k page, system-wide physical 8015M (371M free)
TotalPageFile size 32591M (AvailPageFile size 63M)
current process WorkingSet (physical memory assigned to process): 10M, peak: 10M
current process commit charge ("private bytes"): 51M, peak: 177M

vm_info: OpenJDK 64-Bit Server VM (17.0.1+12) for windows-amd64 JRE (17.0.1+12), built on Oct 20 2021 07:42:55 by "" with MS VC++ 16.7 (VS2019)

END.
