#
# There is insufficient memory for the Java Runtime Environment to continue.
# Native memory allocation (mmap) failed to map 65536 bytes for Failed to commit metaspace.
# Possible reasons:
#   The system is out of physical RAM or swap space
#   The process is running with CompressedOops enabled, and the Java Heap may be blocking the growth of the native heap
# Possible solutions:
#   Reduce memory load on the system
#   Increase physical memory or swap space
#   Check if swap backing store is full
#   Decrease Java heap size (-Xmx/-Xms)
#   Decrease number of Java threads
#   Decrease Java thread stack sizes (-Xss)
#   Set larger code cache with -XX:ReservedCodeCacheSize=
#   JVM is running with Unscaled Compressed Oops mode in which the Java heap is
#     placed in the first 4GB address space. The Java Heap base address is the
#     maximum limit for the native heap growth. Please use -XX:HeapBaseMinAddress
#     to set the Java Heap base and to place the Java Heap above 4GB virtual address.
# This output file may be truncated or incomplete.
#
#  Out of Memory Error (virtualSpaceNode.cpp:110), pid=29668, tid=30704
#
# JRE version: OpenJDK Runtime Environment Temurin-17.0.1+12 (17.0.1+12) (build 17.0.1+12)
# Java VM: OpenJDK 64-Bit Server VM Temurin-17.0.1+12 (17.0.1+12, mixed mode, tiered, compressed oops, compressed class ptrs, g1 gc, windows-amd64)
# No core dump will be written. Minidumps are not enabled by default on client versions of Windows
#

---------------  S U M M A R Y ------------

Command Line: -Dfile.encoding=Cp1252 -XX:+ShowCodeDetailsInExceptionMessages fr.whale.version02.Main

Host: Intel(R) Core(TM) i5-7300HQ CPU @ 2.50GHz, 4 cores, 7G,  Windows 10 , 64 bit Build 19041 (10.0.19041.1348)
Time: Sat Jan  8 22:35:35 2022  Windows 10 , 64 bit Build 19041 (10.0.19041.1348) elapsed time: 0.612355 seconds (0d 0h 0m 0s)

---------------  T H R E A D  ---------------

Current thread (0x0000019ea9623580):  JavaThread "main" [_thread_in_vm, id=30704, stack(0x0000000ad5000000,0x0000000ad5100000)]

Stack: [0x0000000ad5000000,0x0000000ad5100000]
Native frames: (J=compiled Java code, j=interpreted, Vv=VM code, C=native code)
V  [jvm.dll+0x6744da]
V  [jvm.dll+0x82e144]
V  [jvm.dll+0x82f8ee]
V  [jvm.dll+0x82ff53]
V  [jvm.dll+0x245175]
V  [jvm.dll+0x82a0eb]
V  [jvm.dll+0x619566]
V  [jvm.dll+0x6195ca]
V  [jvm.dll+0x61bdea]
V  [jvm.dll+0x619f06]
V  [jvm.dll+0x242bcc]
V  [jvm.dll+0x6ca87d]
V  [jvm.dll+0x6cb2af]
V  [jvm.dll+0x36f6c3]
V  [jvm.dll+0x36e882]
V  [jvm.dll+0x36e828]
V  [jvm.dll+0x55c4e5]
V  [jvm.dll+0x55b60d]
V  [jvm.dll+0x382617]
V  [jvm.dll+0x381c6f]
C  0x0000019eb110a582

Java frames: (J=compiled Java code, j=interpreted, Vv=VM code)
j  java.lang.reflect.Executable.declaredAnnotations()Ljava/util/Map;+62 java.base@17.0.1
j  java.lang.reflect.Executable.declaredAnnotations()Ljava/util/Map;+35 java.base@17.0.1
j  java.lang.reflect.Executable.getAnnotation(Ljava/lang/Class;)Ljava/lang/annotation/Annotation;+7 java.base@17.0.1
j  java.lang.reflect.Method.getAnnotation(Ljava/lang/Class;)Ljava/lang/annotation/Annotation;+2 java.base@17.0.1
j  java.lang.reflect.AnnotatedElement.isAnnotationPresent(Ljava/lang/Class;)Z+2 java.base@17.0.1
j  java.lang.reflect.AccessibleObject.isAnnotationPresent(Ljava/lang/Class;)Z+2 java.base@17.0.1
j  jdk.internal.reflect.Reflection.isCallerSensitive(Ljava/lang/reflect/Method;)Z+18 java.base@17.0.1
j  jdk.internal.reflect.ReflectionFactory.newMethodAccessor(Ljava/lang/reflect/Method;)Ljdk/internal/reflect/MethodAccessor;+4 java.base@17.0.1
j  java.lang.reflect.Method.acquireMethodAccessor()Ljdk/internal/reflect/MethodAccessor;+33 java.base@17.0.1
j  java.lang.reflect.Method.invoke(Ljava/lang/Object;[Ljava/lang/Object;)Ljava/lang/Object;+52 java.base@17.0.1
j  java.lang.Class.getEnumConstantsShared()[Ljava/lang/Object;+49 java.base@17.0.1
j  java.lang.System$2.getEnumConstantsShared(Ljava/lang/Class;)[Ljava/lang/Enum;+1 java.base@17.0.1
j  java.util.EnumMap.getKeyUniverse(Ljava/lang/Class;)[Ljava/lang/Enum;+4 java.base@17.0.1
j  java.util.EnumMap.<init>(Ljava/lang/Class;)V+16 java.base@17.0.1
j  java.util.stream.StreamOpFlag.set(Ljava/util/stream/StreamOpFlag$Type;)Ljava/util/stream/StreamOpFlag$MaskBuilder;+10 java.base@17.0.1
j  java.util.stream.StreamOpFlag.<clinit>()V+11 java.base@17.0.1
v  ~StubRoutines::call_stub
j  java.util.stream.StreamSupport.stream(Ljava/util/Spliterator;Z)Ljava/util/stream/Stream;+11 java.base@17.0.1
j  java.util.Collection.stream()Ljava/util/stream/Stream;+7 java.base@17.0.1
j  java.lang.ModuleLayer.layers(Ljava/lang/ClassLoader;)Ljava/util/stream/Stream;+16 java.base@17.0.1
j  java.lang.System$2.layers(Ljava/lang/ClassLoader;)Ljava/util/stream/Stream;+1 java.base@17.0.1
j  java.util.ServiceLoader$ModuleServicesLookupIterator.iteratorFor(Ljava/lang/ClassLoader;)Ljava/util/Iterator;+75 java.base@17.0.1
j  java.util.ServiceLoader$ModuleServicesLookupIterator.<init>(Ljava/util/ServiceLoader;)V+23 java.base@17.0.1
j  java.util.ServiceLoader.newLookupIterator()Ljava/util/Iterator;+49 java.base@17.0.1
j  java.util.ServiceLoader.iterator()Ljava/util/Iterator;+9 java.base@17.0.1
j  jdk.internal.logger.BootstrapLogger$DetectBackend$1.run()Ljdk/internal/logger/BootstrapLogger$LoggingBackend;+8 java.base@17.0.1
j  jdk.internal.logger.BootstrapLogger$DetectBackend$1.run()Ljava/lang/Object;+1 java.base@17.0.1
j  java.security.AccessController.executePrivileged(Ljava/security/PrivilegedAction;Ljava/security/AccessControlContext;Ljava/lang/Class;)Ljava/lang/Object;+29 java.base@17.0.1
j  java.security.AccessController.doPrivileged(Ljava/security/PrivilegedAction;)Ljava/lang/Object;+5 java.base@17.0.1
j  jdk.internal.logger.BootstrapLogger$DetectBackend.<clinit>()V+7 java.base@17.0.1
v  ~StubRoutines::call_stub
j  jdk.internal.logger.BootstrapLogger.useLazyLoggers()Z+6 java.base@17.0.1
j  jdk.internal.logger.LazyLoggers.getLazyLogger(Ljava/lang/String;Ljava/lang/Module;)Ljava/lang/System$Logger;+0 java.base@17.0.1
j  sun.util.logging.PlatformLogger.getLogger(Ljava/lang/String;)Lsun/util/logging/PlatformLogger;+41 java.base@17.0.1
j  java.awt.Component.<clinit>()V+19 java.desktop@17.0.1
v  ~StubRoutines::call_stub
j  fr.whale.version02.ui.HomePage.<init>()V+4
j  fr.whale.version02.Main.main([Ljava/lang/String;)V+3
v  ~StubRoutines::call_stub

---------------  P R O C E S S  ---------------

Threads class SMR info:
_java_thread_list=0x0000019ec7d84260, length=12, elements={
0x0000019ea9623580, 0x0000019ec7049630, 0x0000019ec704add0, 0x0000019ec7c12010,
0x0000019ec7c12ac0, 0x0000019ec705ce20, 0x0000019ec707ecc0, 0x0000019ec7080270,
0x0000019ec7082030, 0x0000019ec7084a30, 0x0000019ec7d74b30, 0x0000019ec7d834d0
}

Java Threads: ( => current thread )
=>0x0000019ea9623580 JavaThread "main" [_thread_in_vm, id=30704, stack(0x0000000ad5000000,0x0000000ad5100000)]
  0x0000019ec7049630 JavaThread "Reference Handler" daemon [_thread_blocked, id=32112, stack(0x0000000ad5700000,0x0000000ad5800000)]
  0x0000019ec704add0 JavaThread "Finalizer" daemon [_thread_blocked, id=32120, stack(0x0000000ad5800000,0x0000000ad5900000)]
  0x0000019ec7c12010 JavaThread "Signal Dispatcher" daemon [_thread_blocked, id=32400, stack(0x0000000ad5900000,0x0000000ad5a00000)]
  0x0000019ec7c12ac0 JavaThread "Attach Listener" daemon [_thread_blocked, id=32404, stack(0x0000000ad5a00000,0x0000000ad5b00000)]
  0x0000019ec705ce20 JavaThread "Service Thread" daemon [_thread_blocked, id=32088, stack(0x0000000ad5b00000,0x0000000ad5c00000)]
  0x0000019ec707ecc0 JavaThread "Monitor Deflation Thread" daemon [_thread_blocked, id=32096, stack(0x0000000ad5c00000,0x0000000ad5d00000)]
  0x0000019ec7080270 JavaThread "C2 CompilerThread0" daemon [_thread_blocked, id=3180, stack(0x0000000ad5d00000,0x0000000ad5e00000)]
  0x0000019ec7082030 JavaThread "C1 CompilerThread0" daemon [_thread_blocked, id=22292, stack(0x0000000ad5e00000,0x0000000ad5f00000)]
  0x0000019ec7084a30 JavaThread "Sweeper thread" daemon [_thread_blocked, id=940, stack(0x0000000ad5f00000,0x0000000ad6000000)]
  0x0000019ec7d74b30 JavaThread "Notification Thread" daemon [_thread_blocked, id=8208, stack(0x0000000ad6000000,0x0000000ad6100000)]
  0x0000019ec7d834d0 JavaThread "Common-Cleaner" daemon [_thread_blocked, id=21888, stack(0x0000000ad6200000,0x0000000ad6300000)]

Other Threads:
  0x0000019ec6fe11f0 VMThread "VM Thread" [stack: 0x0000000ad5600000,0x0000000ad5700000] [id=25152]
  0x0000019ec7d77220 WatcherThread [stack: 0x0000000ad6100000,0x0000000ad6200000] [id=21348]
  0x0000019ea9662db0 GCTaskThread "GC Thread#0" [stack: 0x0000000ad5100000,0x0000000ad5200000] [id=26208]
  0x0000019ea9673770 ConcurrentGCThread "G1 Main Marker" [stack: 0x0000000ad5200000,0x0000000ad5300000] [id=32168]
  0x0000019ea9674a60 ConcurrentGCThread "G1 Conc#0" [stack: 0x0000000ad5300000,0x0000000ad5400000] [id=17916]
  0x0000019ea96eb060 ConcurrentGCThread "G1 Refine#0" [stack: 0x0000000ad5400000,0x0000000ad5500000] [id=27556]
  0x0000019ea96eba80 ConcurrentGCThread "G1 Service" [stack: 0x0000000ad5500000,0x0000000ad5600000] [id=31800]

Threads with active compile tasks:

VM state: not at safepoint (normal execution)

VM Mutex/Monitor currently owned by a thread:  ([mutex/lock_event])
[0x0000019ea74fcda0] Metaspace_lock - owner thread: 0x0000019ea9623580

Heap address: 0x0000000082c00000, size: 2004 MB, Compressed Oops mode: 32-bit

CDS archive(s) not mapped
Compressed class space mapped at: 0x0000000100000000-0x0000000140000000, reserved size: 1073741824
Narrow klass base: 0x0000000000000000, Narrow klass shift: 3, Narrow klass range: 0x140000000

GC Precious Log:
 CPUs: 4 total, 4 available
 Memory: 8015M
 Large Page Support: Disabled
 NUMA Support: Disabled
 Compressed Oops: Enabled (32-bit)
 Heap Region Size: 1M
 Heap Min Capacity: 8M
 Heap Initial Capacity: 126M
 Heap Max Capacity: 2004M
 Pre-touch: Disabled
 Parallel Workers: 4
 Concurrent Workers: 1
 Concurrent Refinement Workers: 4
 Periodic GC: Disabled

Heap:
 garbage-first heap   total 129024K, used 1024K [0x0000000082c00000, 0x0000000100000000)
  region size 1024K, 2 young (2048K), 0 survivors (0K)
 Metaspace       used 4661K, committed 4800K, reserved 1056768K
  class space    used 426K, committed 512K, reserved 1048576K

Heap Regions: E=young(eden), S=young(survivor), O=old, HS=humongous(starts), HC=humongous(continues), CS=collection set, F=free, OA=open archive, CA=closed archive, TAMS=top-at-mark-start (previous, next)
|   0|0x0000000082c00000, 0x0000000082c00000, 0x0000000082d00000|  0%| F|  |TAMS 0x0000000082c00000, 0x0000000082c00000| Untracked 
|   1|0x0000000082d00000, 0x0000000082d00000, 0x0000000082e00000|  0%| F|  |TAMS 0x0000000082d00000, 0x0000000082d00000| Untracked 
|   2|0x0000000082e00000, 0x0000000082e00000, 0x0000000082f00000|  0%| F|  |TAMS 0x0000000082e00000, 0x0000000082e00000| Untracked 
|   3|0x0000000082f00000, 0x0000000082f00000, 0x0000000083000000|  0%| F|  |TAMS 0x0000000082f00000, 0x0000000082f00000| Untracked 
|   4|0x0000000083000000, 0x0000000083000000, 0x0000000083100000|  0%| F|  |TAMS 0x0000000083000000, 0x0000000083000000| Untracked 
|   5|0x0000000083100000, 0x0000000083100000, 0x0000000083200000|  0%| F|  |TAMS 0x0000000083100000, 0x0000000083100000| Untracked 
|   6|0x0000000083200000, 0x0000000083200000, 0x0000000083300000|  0%| F|  |TAMS 0x0000000083200000, 0x0000000083200000| Untracked 
|   7|0x0000000083300000, 0x0000000083300000, 0x0000000083400000|  0%| F|  |TAMS 0x0000000083300000, 0x0000000083300000| Untracked 
|   8|0x0000000083400000, 0x0000000083400000, 0x0000000083500000|  0%| F|  |TAMS 0x0000000083400000, 0x0000000083400000| Untracked 
|   9|0x0000000083500000, 0x0000000083500000, 0x0000000083600000|  0%| F|  |TAMS 0x0000000083500000, 0x0000000083500000| Untracked 
|  10|0x0000000083600000, 0x0000000083600000, 0x0000000083700000|  0%| F|  |TAMS 0x0000000083600000, 0x0000000083600000| Untracked 
|  11|0x0000000083700000, 0x0000000083700000, 0x0000000083800000|  0%| F|  |TAMS 0x0000000083700000, 0x0000000083700000| Untracked 
|  12|0x0000000083800000, 0x0000000083800000, 0x0000000083900000|  0%| F|  |TAMS 0x0000000083800000, 0x0000000083800000| Untracked 
|  13|0x0000000083900000, 0x0000000083900000, 0x0000000083a00000|  0%| F|  |TAMS 0x0000000083900000, 0x0000000083900000| Untracked 
|  14|0x0000000083a00000, 0x0000000083a00000, 0x0000000083b00000|  0%| F|  |TAMS 0x0000000083a00000, 0x0000000083a00000| Untracked 
|  15|0x0000000083b00000, 0x0000000083b00000, 0x0000000083c00000|  0%| F|  |TAMS 0x0000000083b00000, 0x0000000083b00000| Untracked 
|  16|0x0000000083c00000, 0x0000000083c00000, 0x0000000083d00000|  0%| F|  |TAMS 0x0000000083c00000, 0x0000000083c00000| Untracked 
|  17|0x0000000083d00000, 0x0000000083d00000, 0x0000000083e00000|  0%| F|  |TAMS 0x0000000083d00000, 0x0000000083d00000| Untracked 
|  18|0x0000000083e00000, 0x0000000083e00000, 0x0000000083f00000|  0%| F|  |TAMS 0x0000000083e00000, 0x0000000083e00000| Untracked 
|  19|0x0000000083f00000, 0x0000000083f00000, 0x0000000084000000|  0%| F|  |TAMS 0x0000000083f00000, 0x0000000083f00000| Untracked 
|  20|0x0000000084000000, 0x0000000084000000, 0x0000000084100000|  0%| F|  |TAMS 0x0000000084000000, 0x0000000084000000| Untracked 
|  21|0x0000000084100000, 0x0000000084100000, 0x0000000084200000|  0%| F|  |TAMS 0x0000000084100000, 0x0000000084100000| Untracked 
|  22|0x0000000084200000, 0x0000000084200000, 0x0000000084300000|  0%| F|  |TAMS 0x0000000084200000, 0x0000000084200000| Untracked 
|  23|0x0000000084300000, 0x0000000084300000, 0x0000000084400000|  0%| F|  |TAMS 0x0000000084300000, 0x0000000084300000| Untracked 
|  24|0x0000000084400000, 0x0000000084400000, 0x0000000084500000|  0%| F|  |TAMS 0x0000000084400000, 0x0000000084400000| Untracked 
|  25|0x0000000084500000, 0x0000000084500000, 0x0000000084600000|  0%| F|  |TAMS 0x0000000084500000, 0x0000000084500000| Untracked 
|  26|0x0000000084600000, 0x0000000084600000, 0x0000000084700000|  0%| F|  |TAMS 0x0000000084600000, 0x0000000084600000| Untracked 
|  27|0x0000000084700000, 0x0000000084700000, 0x0000000084800000|  0%| F|  |TAMS 0x0000000084700000, 0x0000000084700000| Untracked 
|  28|0x0000000084800000, 0x0000000084800000, 0x0000000084900000|  0%| F|  |TAMS 0x0000000084800000, 0x0000000084800000| Untracked 
|  29|0x0000000084900000, 0x0000000084900000, 0x0000000084a00000|  0%| F|  |TAMS 0x0000000084900000, 0x0000000084900000| Untracked 
|  30|0x0000000084a00000, 0x0000000084a00000, 0x0000000084b00000|  0%| F|  |TAMS 0x0000000084a00000, 0x0000000084a00000| Untracked 
|  31|0x0000000084b00000, 0x0000000084b00000, 0x0000000084c00000|  0%| F|  |TAMS 0x0000000084b00000, 0x0000000084b00000| Untracked 
|  32|0x0000000084c00000, 0x0000000084c00000, 0x0000000084d00000|  0%| F|  |TAMS 0x0000000084c00000, 0x0000000084c00000| Untracked 
|  33|0x0000000084d00000, 0x0000000084d00000, 0x0000000084e00000|  0%| F|  |TAMS 0x0000000084d00000, 0x0000000084d00000| Untracked 
|  34|0x0000000084e00000, 0x0000000084e00000, 0x0000000084f00000|  0%| F|  |TAMS 0x0000000084e00000, 0x0000000084e00000| Untracked 
|  35|0x0000000084f00000, 0x0000000084f00000, 0x0000000085000000|  0%| F|  |TAMS 0x0000000084f00000, 0x0000000084f00000| Untracked 
|  36|0x0000000085000000, 0x0000000085000000, 0x0000000085100000|  0%| F|  |TAMS 0x0000000085000000, 0x0000000085000000| Untracked 
|  37|0x0000000085100000, 0x0000000085100000, 0x0000000085200000|  0%| F|  |TAMS 0x0000000085100000, 0x0000000085100000| Untracked 
|  38|0x0000000085200000, 0x0000000085200000, 0x0000000085300000|  0%| F|  |TAMS 0x0000000085200000, 0x0000000085200000| Untracked 
|  39|0x0000000085300000, 0x0000000085300000, 0x0000000085400000|  0%| F|  |TAMS 0x0000000085300000, 0x0000000085300000| Untracked 
|  40|0x0000000085400000, 0x0000000085400000, 0x0000000085500000|  0%| F|  |TAMS 0x0000000085400000, 0x0000000085400000| Untracked 
|  41|0x0000000085500000, 0x0000000085500000, 0x0000000085600000|  0%| F|  |TAMS 0x0000000085500000, 0x0000000085500000| Untracked 
|  42|0x0000000085600000, 0x0000000085600000, 0x0000000085700000|  0%| F|  |TAMS 0x0000000085600000, 0x0000000085600000| Untracked 
|  43|0x0000000085700000, 0x0000000085700000, 0x0000000085800000|  0%| F|  |TAMS 0x0000000085700000, 0x0000000085700000| Untracked 
|  44|0x0000000085800000, 0x0000000085800000, 0x0000000085900000|  0%| F|  |TAMS 0x0000000085800000, 0x0000000085800000| Untracked 
|  45|0x0000000085900000, 0x0000000085900000, 0x0000000085a00000|  0%| F|  |TAMS 0x0000000085900000, 0x0000000085900000| Untracked 
|  46|0x0000000085a00000, 0x0000000085a00000, 0x0000000085b00000|  0%| F|  |TAMS 0x0000000085a00000, 0x0000000085a00000| Untracked 
|  47|0x0000000085b00000, 0x0000000085b00000, 0x0000000085c00000|  0%| F|  |TAMS 0x0000000085b00000, 0x0000000085b00000| Untracked 
|  48|0x0000000085c00000, 0x0000000085c00000, 0x0000000085d00000|  0%| F|  |TAMS 0x0000000085c00000, 0x0000000085c00000| Untracked 
|  49|0x0000000085d00000, 0x0000000085d00000, 0x0000000085e00000|  0%| F|  |TAMS 0x0000000085d00000, 0x0000000085d00000| Untracked 
|  50|0x0000000085e00000, 0x0000000085e00000, 0x0000000085f00000|  0%| F|  |TAMS 0x0000000085e00000, 0x0000000085e00000| Untracked 
|  51|0x0000000085f00000, 0x0000000085f00000, 0x0000000086000000|  0%| F|  |TAMS 0x0000000085f00000, 0x0000000085f00000| Untracked 
|  52|0x0000000086000000, 0x0000000086000000, 0x0000000086100000|  0%| F|  |TAMS 0x0000000086000000, 0x0000000086000000| Untracked 
|  53|0x0000000086100000, 0x0000000086100000, 0x0000000086200000|  0%| F|  |TAMS 0x0000000086100000, 0x0000000086100000| Untracked 
|  54|0x0000000086200000, 0x0000000086200000, 0x0000000086300000|  0%| F|  |TAMS 0x0000000086200000, 0x0000000086200000| Untracked 
|  55|0x0000000086300000, 0x0000000086300000, 0x0000000086400000|  0%| F|  |TAMS 0x0000000086300000, 0x0000000086300000| Untracked 
|  56|0x0000000086400000, 0x0000000086400000, 0x0000000086500000|  0%| F|  |TAMS 0x0000000086400000, 0x0000000086400000| Untracked 
|  57|0x0000000086500000, 0x0000000086500000, 0x0000000086600000|  0%| F|  |TAMS 0x0000000086500000, 0x0000000086500000| Untracked 
|  58|0x0000000086600000, 0x0000000086600000, 0x0000000086700000|  0%| F|  |TAMS 0x0000000086600000, 0x0000000086600000| Untracked 
|  59|0x0000000086700000, 0x0000000086700000, 0x0000000086800000|  0%| F|  |TAMS 0x0000000086700000, 0x0000000086700000| Untracked 
|  60|0x0000000086800000, 0x0000000086800000, 0x0000000086900000|  0%| F|  |TAMS 0x0000000086800000, 0x0000000086800000| Untracked 
|  61|0x0000000086900000, 0x0000000086900000, 0x0000000086a00000|  0%| F|  |TAMS 0x0000000086900000, 0x0000000086900000| Untracked 
|  62|0x0000000086a00000, 0x0000000086a00000, 0x0000000086b00000|  0%| F|  |TAMS 0x0000000086a00000, 0x0000000086a00000| Untracked 
|  63|0x0000000086b00000, 0x0000000086b00000, 0x0000000086c00000|  0%| F|  |TAMS 0x0000000086b00000, 0x0000000086b00000| Untracked 
|  64|0x0000000086c00000, 0x0000000086c00000, 0x0000000086d00000|  0%| F|  |TAMS 0x0000000086c00000, 0x0000000086c00000| Untracked 
|  65|0x0000000086d00000, 0x0000000086d00000, 0x0000000086e00000|  0%| F|  |TAMS 0x0000000086d00000, 0x0000000086d00000| Untracked 
|  66|0x0000000086e00000, 0x0000000086e00000, 0x0000000086f00000|  0%| F|  |TAMS 0x0000000086e00000, 0x0000000086e00000| Untracked 
|  67|0x0000000086f00000, 0x0000000086f00000, 0x0000000087000000|  0%| F|  |TAMS 0x0000000086f00000, 0x0000000086f00000| Untracked 
|  68|0x0000000087000000, 0x0000000087000000, 0x0000000087100000|  0%| F|  |TAMS 0x0000000087000000, 0x0000000087000000| Untracked 
|  69|0x0000000087100000, 0x0000000087100000, 0x0000000087200000|  0%| F|  |TAMS 0x0000000087100000, 0x0000000087100000| Untracked 
|  70|0x0000000087200000, 0x0000000087200000, 0x0000000087300000|  0%| F|  |TAMS 0x0000000087200000, 0x0000000087200000| Untracked 
|  71|0x0000000087300000, 0x0000000087300000, 0x0000000087400000|  0%| F|  |TAMS 0x0000000087300000, 0x0000000087300000| Untracked 
|  72|0x0000000087400000, 0x0000000087400000, 0x0000000087500000|  0%| F|  |TAMS 0x0000000087400000, 0x0000000087400000| Untracked 
|  73|0x0000000087500000, 0x0000000087500000, 0x0000000087600000|  0%| F|  |TAMS 0x0000000087500000, 0x0000000087500000| Untracked 
|  74|0x0000000087600000, 0x0000000087600000, 0x0000000087700000|  0%| F|  |TAMS 0x0000000087600000, 0x0000000087600000| Untracked 
|  75|0x0000000087700000, 0x0000000087700000, 0x0000000087800000|  0%| F|  |TAMS 0x0000000087700000, 0x0000000087700000| Untracked 
|  76|0x0000000087800000, 0x0000000087800000, 0x0000000087900000|  0%| F|  |TAMS 0x0000000087800000, 0x0000000087800000| Untracked 
|  77|0x0000000087900000, 0x0000000087900000, 0x0000000087a00000|  0%| F|  |TAMS 0x0000000087900000, 0x0000000087900000| Untracked 
|  78|0x0000000087a00000, 0x0000000087a00000, 0x0000000087b00000|  0%| F|  |TAMS 0x0000000087a00000, 0x0000000087a00000| Untracked 
|  79|0x0000000087b00000, 0x0000000087b00000, 0x0000000087c00000|  0%| F|  |TAMS 0x0000000087b00000, 0x0000000087b00000| Untracked 
|  80|0x0000000087c00000, 0x0000000087c00000, 0x0000000087d00000|  0%| F|  |TAMS 0x0000000087c00000, 0x0000000087c00000| Untracked 
|  81|0x0000000087d00000, 0x0000000087d00000, 0x0000000087e00000|  0%| F|  |TAMS 0x0000000087d00000, 0x0000000087d00000| Untracked 
|  82|0x0000000087e00000, 0x0000000087e00000, 0x0000000087f00000|  0%| F|  |TAMS 0x0000000087e00000, 0x0000000087e00000| Untracked 
|  83|0x0000000087f00000, 0x0000000087f00000, 0x0000000088000000|  0%| F|  |TAMS 0x0000000087f00000, 0x0000000087f00000| Untracked 
|  84|0x0000000088000000, 0x0000000088000000, 0x0000000088100000|  0%| F|  |TAMS 0x0000000088000000, 0x0000000088000000| Untracked 
|  85|0x0000000088100000, 0x0000000088100000, 0x0000000088200000|  0%| F|  |TAMS 0x0000000088100000, 0x0000000088100000| Untracked 
|  86|0x0000000088200000, 0x0000000088200000, 0x0000000088300000|  0%| F|  |TAMS 0x0000000088200000, 0x0000000088200000| Untracked 
|  87|0x0000000088300000, 0x0000000088300000, 0x0000000088400000|  0%| F|  |TAMS 0x0000000088300000, 0x0000000088300000| Untracked 
|  88|0x0000000088400000, 0x0000000088400000, 0x0000000088500000|  0%| F|  |TAMS 0x0000000088400000, 0x0000000088400000| Untracked 
|  89|0x0000000088500000, 0x0000000088500000, 0x0000000088600000|  0%| F|  |TAMS 0x0000000088500000, 0x0000000088500000| Untracked 
|  90|0x0000000088600000, 0x0000000088600000, 0x0000000088700000|  0%| F|  |TAMS 0x0000000088600000, 0x0000000088600000| Untracked 
|  91|0x0000000088700000, 0x0000000088700000, 0x0000000088800000|  0%| F|  |TAMS 0x0000000088700000, 0x0000000088700000| Untracked 
|  92|0x0000000088800000, 0x0000000088800000, 0x0000000088900000|  0%| F|  |TAMS 0x0000000088800000, 0x0000000088800000| Untracked 
|  93|0x0000000088900000, 0x0000000088900000, 0x0000000088a00000|  0%| F|  |TAMS 0x0000000088900000, 0x0000000088900000| Untracked 
|  94|0x0000000088a00000, 0x0000000088a00000, 0x0000000088b00000|  0%| F|  |TAMS 0x0000000088a00000, 0x0000000088a00000| Untracked 
|  95|0x0000000088b00000, 0x0000000088b00000, 0x0000000088c00000|  0%| F|  |TAMS 0x0000000088b00000, 0x0000000088b00000| Untracked 
|  96|0x0000000088c00000, 0x0000000088c00000, 0x0000000088d00000|  0%| F|  |TAMS 0x0000000088c00000, 0x0000000088c00000| Untracked 
|  97|0x0000000088d00000, 0x0000000088d00000, 0x0000000088e00000|  0%| F|  |TAMS 0x0000000088d00000, 0x0000000088d00000| Untracked 
|  98|0x0000000088e00000, 0x0000000088e00000, 0x0000000088f00000|  0%| F|  |TAMS 0x0000000088e00000, 0x0000000088e00000| Untracked 
|  99|0x0000000088f00000, 0x0000000088f00000, 0x0000000089000000|  0%| F|  |TAMS 0x0000000088f00000, 0x0000000088f00000| Untracked 
| 100|0x0000000089000000, 0x0000000089000000, 0x0000000089100000|  0%| F|  |TAMS 0x0000000089000000, 0x0000000089000000| Untracked 
| 101|0x0000000089100000, 0x0000000089100000, 0x0000000089200000|  0%| F|  |TAMS 0x0000000089100000, 0x0000000089100000| Untracked 
| 102|0x0000000089200000, 0x0000000089200000, 0x0000000089300000|  0%| F|  |TAMS 0x0000000089200000, 0x0000000089200000| Untracked 
| 103|0x0000000089300000, 0x0000000089300000, 0x0000000089400000|  0%| F|  |TAMS 0x0000000089300000, 0x0000000089300000| Untracked 
| 104|0x0000000089400000, 0x0000000089400000, 0x0000000089500000|  0%| F|  |TAMS 0x0000000089400000, 0x0000000089400000| Untracked 
| 105|0x0000000089500000, 0x0000000089500000, 0x0000000089600000|  0%| F|  |TAMS 0x0000000089500000, 0x0000000089500000| Untracked 
| 106|0x0000000089600000, 0x0000000089600000, 0x0000000089700000|  0%| F|  |TAMS 0x0000000089600000, 0x0000000089600000| Untracked 
| 107|0x0000000089700000, 0x0000000089700000, 0x0000000089800000|  0%| F|  |TAMS 0x0000000089700000, 0x0000000089700000| Untracked 
| 108|0x0000000089800000, 0x0000000089800000, 0x0000000089900000|  0%| F|  |TAMS 0x0000000089800000, 0x0000000089800000| Untracked 
| 109|0x0000000089900000, 0x0000000089900000, 0x0000000089a00000|  0%| F|  |TAMS 0x0000000089900000, 0x0000000089900000| Untracked 
| 110|0x0000000089a00000, 0x0000000089a00000, 0x0000000089b00000|  0%| F|  |TAMS 0x0000000089a00000, 0x0000000089a00000| Untracked 
| 111|0x0000000089b00000, 0x0000000089b00000, 0x0000000089c00000|  0%| F|  |TAMS 0x0000000089b00000, 0x0000000089b00000| Untracked 
| 112|0x0000000089c00000, 0x0000000089c00000, 0x0000000089d00000|  0%| F|  |TAMS 0x0000000089c00000, 0x0000000089c00000| Untracked 
| 113|0x0000000089d00000, 0x0000000089d00000, 0x0000000089e00000|  0%| F|  |TAMS 0x0000000089d00000, 0x0000000089d00000| Untracked 
| 114|0x0000000089e00000, 0x0000000089e00000, 0x0000000089f00000|  0%| F|  |TAMS 0x0000000089e00000, 0x0000000089e00000| Untracked 
| 115|0x0000000089f00000, 0x0000000089f00000, 0x000000008a000000|  0%| F|  |TAMS 0x0000000089f00000, 0x0000000089f00000| Untracked 
| 116|0x000000008a000000, 0x000000008a000000, 0x000000008a100000|  0%| F|  |TAMS 0x000000008a000000, 0x000000008a000000| Untracked 
| 117|0x000000008a100000, 0x000000008a100000, 0x000000008a200000|  0%| F|  |TAMS 0x000000008a100000, 0x000000008a100000| Untracked 
| 118|0x000000008a200000, 0x000000008a200000, 0x000000008a300000|  0%| F|  |TAMS 0x000000008a200000, 0x000000008a200000| Untracked 
| 119|0x000000008a300000, 0x000000008a300000, 0x000000008a400000|  0%| F|  |TAMS 0x000000008a300000, 0x000000008a300000| Untracked 
| 120|0x000000008a400000, 0x000000008a400000, 0x000000008a500000|  0%| F|  |TAMS 0x000000008a400000, 0x000000008a400000| Untracked 
| 121|0x000000008a500000, 0x000000008a500000, 0x000000008a600000|  0%| F|  |TAMS 0x000000008a500000, 0x000000008a500000| Untracked 
| 122|0x000000008a600000, 0x000000008a600000, 0x000000008a700000|  0%| F|  |TAMS 0x000000008a600000, 0x000000008a600000| Untracked 
| 123|0x000000008a700000, 0x000000008a700000, 0x000000008a800000|  0%| F|  |TAMS 0x000000008a700000, 0x000000008a700000| Untracked 
| 124|0x000000008a800000, 0x000000008a843140, 0x000000008a900000| 26%| E|  |TAMS 0x000000008a800000, 0x000000008a800000| Complete 
| 125|0x000000008a900000, 0x000000008aa00000, 0x000000008aa00000|100%| E|CS|TAMS 0x000000008a900000, 0x000000008a900000| Complete 

Card table byte_map: [0x0000019ec04e0000,0x0000019ec08d0000] _byte_map_base: 0x0000019ec00ca000

Marking Bits (Prev, Next): (CMBitMap*) 0x0000019ea96633c0, (CMBitMap*) 0x0000019ea9663400
 Prev Bits: [0x0000019ec0cc0000, 0x0000019ec2c10000)
 Next Bits: [0x0000019ec2c10000, 0x0000019ec4b60000)

Polling page: 0x0000019ea7460000

Metaspace:

Usage:
  Non-class:      4.14 MB used.
      Class:    426.77 KB used.
       Both:      4.55 MB used.

Virtual space:
  Non-class space:        8.00 MB reserved,       4.19 MB ( 52%) committed,  1 nodes.
      Class space:        1.00 GB reserved,     512.00 KB ( <1%) committed,  1 nodes.
             Both:        1.01 GB reserved,       4.69 MB ( <1%) committed. 

Chunk freelists:
   Non-Class:  2.98 MB
       Class:  3.53 MB
        Both:  6.51 MB

MaxMetaspaceSize: unlimited
CompressedClassSpaceSize: 1.00 GB
Initial GC threshold: 21.00 MB
Current GC threshold: 21.00 MB
CDS: off
MetaspaceReclaimPolicy: balanced
 - commit_granule_bytes: 65536.
 - commit_granule_words: 8192.
 - virtual_space_node_default_size: 1048576.
 - enlarge_chunks_in_place: 1.
 - new_chunks_are_fully_committed: 0.
 - uncommit_free_chunks: 1.
 - use_allocation_guard: 0.
 - handle_deallocations: 1.


Internal statistics:

num_allocs_failed_limit: 0.
num_arena_births: 4.
num_arena_deaths: 0.
num_vsnodes_births: 2.
num_vsnodes_deaths: 0.
num_space_committed: 75.
num_space_uncommitted: 0.
num_chunks_returned_to_freelist: 0.
num_chunks_taken_from_freelist: 12.
num_chunk_merges: 0.
num_chunk_splits: 5.
num_chunks_enlarged: 3.
num_purges: 0.
num_inconsistent_stats: 0.

CodeHeap 'non-profiled nmethods': size=120000Kb used=13Kb max_used=13Kb free=119986Kb
 bounds [0x0000019eb8bc0000, 0x0000019eb8e30000, 0x0000019ec00f0000]
CodeHeap 'profiled nmethods': size=120000Kb used=86Kb max_used=86Kb free=119913Kb
 bounds [0x0000019eb1690000, 0x0000019eb1900000, 0x0000019eb8bc0000]
CodeHeap 'non-nmethods': size=5760Kb used=1037Kb max_used=1038Kb free=4722Kb
 bounds [0x0000019eb10f0000, 0x0000019eb1360000, 0x0000019eb1690000]
 total_blobs=362 nmethods=69 adapters=206
 compilation: enabled
              stopped_count=0, restarted_count=0
 full_count=0

Compilation events (20 events):
Event: 0.470 Thread 0x0000019ec7082030   59       1       java.lang.module.ModuleDescriptor$Exports::targets (5 bytes)
Event: 0.470 Thread 0x0000019ec7082030 nmethod 59 0x0000019eb8bc3010 code [0x0000019eb8bc31a0, 0x0000019eb8bc3278]
Event: 0.471 Thread 0x0000019ec7082030   61       3       java.util.ImmutableCollections$Set12::iterator (9 bytes)
Event: 0.471 Thread 0x0000019ec7082030 nmethod 61 0x0000019eb16a3890 code [0x0000019eb16a3a40, 0x0000019eb16a3d18]
Event: 0.471 Thread 0x0000019ec7082030   62       3       java.util.ImmutableCollections$Set12$1::<init> (32 bytes)
Event: 0.472 Thread 0x0000019ec7082030 nmethod 62 0x0000019eb16a3e10 code [0x0000019eb16a3fc0, 0x0000019eb16a41f8]
Event: 0.472 Thread 0x0000019ec7082030   63       1       java.util.ImmutableCollections$Set12::isEmpty (2 bytes)
Event: 0.472 Thread 0x0000019ec7082030 nmethod 63 0x0000019eb8bc3310 code [0x0000019eb8bc34a0, 0x0000019eb8bc3578]
Event: 0.503 Thread 0x0000019ec7082030   64       3       java.lang.AbstractStringBuilder::ensureCapacityInternal (39 bytes)
Event: 0.503 Thread 0x0000019ec7082030 nmethod 64 0x0000019eb16a4310 code [0x0000019eb16a44c0, 0x0000019eb16a46f8]
Event: 0.503 Thread 0x0000019ec7082030   65       3       java.lang.AbstractStringBuilder::isLatin1 (19 bytes)
Event: 0.504 Thread 0x0000019ec7082030 nmethod 65 0x0000019eb16a4810 code [0x0000019eb16a49a0, 0x0000019eb16a4b18]
Event: 0.504 Thread 0x0000019ec7082030   66       3       java.lang.StringLatin1::canEncode (13 bytes)
Event: 0.504 Thread 0x0000019ec7082030 nmethod 66 0x0000019eb16a4b90 code [0x0000019eb16a4d20, 0x0000019eb16a4e78]
Event: 0.522 Thread 0x0000019ec7082030   67       3       java.lang.Math::min (11 bytes)
Event: 0.522 Thread 0x0000019ec7082030 nmethod 67 0x0000019eb16a4f10 code [0x0000019eb16a50a0, 0x0000019eb16a51d8]
Event: 0.534 Thread 0x0000019ec7082030   68       3       java.lang.String::isEmpty (14 bytes)
Event: 0.534 Thread 0x0000019ec7082030 nmethod 68 0x0000019eb16a5290 code [0x0000019eb16a5420, 0x0000019eb16a5598]
Event: 0.539 Thread 0x0000019ec7082030   69       3       java.lang.StringLatin1::indexOfChar (33 bytes)
Event: 0.539 Thread 0x0000019ec7082030 nmethod 69 0x0000019eb16a5690 code [0x0000019eb16a5840, 0x0000019eb16a5a78]

GC Heap History (0 events):
No events

Deoptimization events (0 events):
No events

Classes unloaded (0 events):
No events

Classes redefined (0 events):
No events

Internal exceptions (0 events):
No events

VM Operations (0 events):
No events

Events (20 events):
Event: 0.562 loading class java/util/stream/AbstractPipeline
Event: 0.562 loading class java/util/stream/PipelineHelper
Event: 0.562 loading class java/util/stream/PipelineHelper done
Event: 0.562 loading class java/util/stream/AbstractPipeline done
Event: 0.562 loading class java/util/stream/ReferencePipeline done
Event: 0.563 loading class java/util/stream/ReferencePipeline$Head done
Event: 0.563 loading class java/util/stream/StreamOpFlag
Event: 0.563 loading class java/util/stream/StreamOpFlag done
Event: 0.563 loading class java/util/stream/StreamOpFlag$Type
Event: 0.564 loading class java/util/stream/StreamOpFlag$Type done
Event: 0.564 loading class java/util/stream/StreamOpFlag$MaskBuilder
Event: 0.564 loading class java/util/stream/StreamOpFlag$MaskBuilder done
Event: 0.564 loading class java/util/EnumMap
Event: 0.579 loading class java/util/EnumMap done
Event: 0.579 loading class java/util/EnumMap$1
Event: 0.579 loading class java/util/EnumMap$1 done
Event: 0.579 loading class java/lang/Class$3
Event: 0.579 loading class java/lang/Class$3 done
Event: 0.579 loading class sun/reflect/annotation/AnnotationParser
Event: 0.580 loading class sun/reflect/annotation/AnnotationParser done


Dynamic libraries:
0x00007ff63bb90000 - 0x00007ff63bb9e000 	E:\_SYSTEME\_programs\Eclipse Adoptium\jdk-17.0.1.12-hotspot\bin\javaw.exe
0x00007ffbc4210000 - 0x00007ffbc4405000 	C:\WINDOWS\SYSTEM32\ntdll.dll
0x00007ffbc2250000 - 0x00007ffbc230e000 	C:\WINDOWS\System32\KERNEL32.DLL
0x00007ffbc1c90000 - 0x00007ffbc1f58000 	C:\WINDOWS\System32\KERNELBASE.dll
0x00007ffbc19e0000 - 0x00007ffbc1ae0000 	C:\WINDOWS\System32\ucrtbase.dll
0x00007ffbb8b70000 - 0x00007ffbb8b88000 	E:\_SYSTEME\_programs\Eclipse Adoptium\jdk-17.0.1.12-hotspot\bin\jli.dll
0x00007ffbc2d70000 - 0x00007ffbc2f11000 	C:\WINDOWS\System32\USER32.dll
0x00007ffbb8a20000 - 0x00007ffbb8a39000 	E:\_SYSTEME\_programs\Eclipse Adoptium\jdk-17.0.1.12-hotspot\bin\VCRUNTIME140.dll
0x00007ffbc19b0000 - 0x00007ffbc19d2000 	C:\WINDOWS\System32\win32u.dll
0x00007ffbc3130000 - 0x00007ffbc315b000 	C:\WINDOWS\System32\GDI32.dll
0x00007ffbc1ae0000 - 0x00007ffbc1bed000 	C:\WINDOWS\System32\gdi32full.dll
0x00007ffbb1760000 - 0x00007ffbb19fa000 	C:\WINDOWS\WinSxS\amd64_microsoft.windows.common-controls_6595b64144ccf1df_6.0.19041.1110_none_60b5254171f9507e\COMCTL32.dll
0x00007ffbc1bf0000 - 0x00007ffbc1c8d000 	C:\WINDOWS\System32\msvcp_win.dll
0x00007ffbc2f80000 - 0x00007ffbc301e000 	C:\WINDOWS\System32\msvcrt.dll
0x00007ffbc2ca0000 - 0x00007ffbc2cd0000 	C:\WINDOWS\System32\IMM32.DLL
0x00007ffbbc210000 - 0x00007ffbbc21c000 	E:\_SYSTEME\_programs\Eclipse Adoptium\jdk-17.0.1.12-hotspot\bin\vcruntime140_1.dll
0x00007ffb81940000 - 0x00007ffb819d1000 	E:\_SYSTEME\_programs\Eclipse Adoptium\jdk-17.0.1.12-hotspot\bin\msvcp140.dll
0x00007ffb70260000 - 0x00007ffb70ea6000 	E:\_SYSTEME\_programs\Eclipse Adoptium\jdk-17.0.1.12-hotspot\bin\server\jvm.dll
0x00007ffbc2b20000 - 0x00007ffbc2bcc000 	C:\WINDOWS\System32\ADVAPI32.dll
0x00007ffbc2cd0000 - 0x00007ffbc2d6b000 	C:\WINDOWS\System32\sechost.dll
0x00007ffbc29f0000 - 0x00007ffbc2b1a000 	C:\WINDOWS\System32\RPCRT4.dll
0x00007ffbc3020000 - 0x00007ffbc3028000 	C:\WINDOWS\System32\PSAPI.DLL
0x00007ffba8790000 - 0x00007ffba8799000 	C:\WINDOWS\SYSTEM32\WSOCK32.dll
0x00007ffbc30c0000 - 0x00007ffbc312b000 	C:\WINDOWS\System32\WS2_32.dll
0x00007ffbb1c00000 - 0x00007ffbb1c27000 	C:\WINDOWS\SYSTEM32\WINMM.dll
0x00007ffbb82c0000 - 0x00007ffbb82ca000 	C:\WINDOWS\SYSTEM32\VERSION.dll
0x00007ffbc01b0000 - 0x00007ffbc01c2000 	C:\WINDOWS\SYSTEM32\kernel.appcore.dll
0x00007ffbb8fe0000 - 0x00007ffbb8fea000 	E:\_SYSTEME\_programs\Eclipse Adoptium\jdk-17.0.1.12-hotspot\bin\jimage.dll
0x00007ffbbfdf0000 - 0x00007ffbbffd4000 	C:\WINDOWS\SYSTEM32\DBGHELP.DLL
0x00007ffbaf120000 - 0x00007ffbaf14c000 	C:\WINDOWS\SYSTEM32\dbgcore.DLL
0x00007ffbc1920000 - 0x00007ffbc19a2000 	C:\WINDOWS\System32\bcryptPrimitives.dll
0x00007ffb96cc0000 - 0x00007ffb96ce5000 	E:\_SYSTEME\_programs\Eclipse Adoptium\jdk-17.0.1.12-hotspot\bin\java.dll
0x00007ffb77a20000 - 0x00007ffb77af6000 	E:\_SYSTEME\_programs\Eclipse Adoptium\jdk-17.0.1.12-hotspot\bin\svml.dll
0x00007ffbc3a20000 - 0x00007ffbc4164000 	C:\WINDOWS\System32\SHELL32.dll
0x00007ffbbf650000 - 0x00007ffbbfde4000 	C:\WINDOWS\SYSTEM32\windows.storage.dll
0x00007ffbc2310000 - 0x00007ffbc2665000 	C:\WINDOWS\System32\combase.dll
0x00007ffbc1370000 - 0x00007ffbc139e000 	C:\WINDOWS\SYSTEM32\Wldp.dll
0x00007ffbc32a0000 - 0x00007ffbc334d000 	C:\WINDOWS\System32\SHCORE.dll
0x00007ffbc33f0000 - 0x00007ffbc3445000 	C:\WINDOWS\System32\shlwapi.dll
0x00007ffbc1860000 - 0x00007ffbc187f000 	C:\WINDOWS\SYSTEM32\profapi.dll

dbghelp: loaded successfully - version: 4.0.5 - missing functions: none
symbol engine: initialized successfully - sym options: 0x614 - pdb path: .;E:\_SYSTEME\_programs\Eclipse Adoptium\jdk-17.0.1.12-hotspot\bin;C:\WINDOWS\SYSTEM32;C:\WINDOWS\WinSxS\amd64_microsoft.windows.common-controls_6595b64144ccf1df_6.0.19041.1110_none_60b5254171f9507e;E:\_SYSTEME\_programs\Eclipse Adoptium\jdk-17.0.1.12-hotspot\bin\server

VM Arguments:
jvm_args: -Dfile.encoding=Cp1252 -XX:+ShowCodeDetailsInExceptionMessages 
java_command: fr.whale.version02.Main
java_class_path (initial): E:\_SYSTEME\courses\develepeur full stack\projets\SuivrePipeline\bin
Launcher Type: SUN_STANDARD

[Global flags]
     intx CICompilerCount                          = 3                                         {product} {ergonomic}
     uint ConcGCThreads                            = 1                                         {product} {ergonomic}
     uint G1ConcRefinementThreads                  = 4                                         {product} {ergonomic}
   size_t G1HeapRegionSize                         = 1048576                                   {product} {ergonomic}
    uintx GCDrainStackTargetSize                   = 64                                        {product} {ergonomic}
   size_t InitialHeapSize                          = 132120576                                 {product} {ergonomic}
   size_t MarkStackSize                            = 4194304                                   {product} {ergonomic}
   size_t MaxHeapSize                              = 2101346304                                {product} {ergonomic}
   size_t MaxNewSize                               = 1260388352                                {product} {ergonomic}
   size_t MinHeapDeltaBytes                        = 1048576                                   {product} {ergonomic}
   size_t MinHeapSize                              = 8388608                                   {product} {ergonomic}
    uintx NonNMethodCodeHeapSize                   = 5832780                                {pd product} {ergonomic}
    uintx NonProfiledCodeHeapSize                  = 122912730                              {pd product} {ergonomic}
    uintx ProfiledCodeHeapSize                     = 122912730                              {pd product} {ergonomic}
    uintx ReservedCodeCacheSize                    = 251658240                              {pd product} {ergonomic}
     bool SegmentedCodeCache                       = true                                      {product} {ergonomic}
     bool ShowCodeDetailsInExceptionMessages       = true                                   {manageable} {command line}
   size_t SoftMaxHeapSize                          = 2101346304                             {manageable} {ergonomic}
     bool UseCompressedClassPointers               = true                           {product lp64_product} {ergonomic}
     bool UseCompressedOops                        = true                           {product lp64_product} {ergonomic}
     bool UseG1GC                                  = true                                      {product} {ergonomic}
     bool UseLargePagesIndividualAllocation        = false                                  {pd product} {ergonomic}

Logging:
Log output configuration:
 #0: stdout all=warning uptime,level,tags
 #1: stderr all=off uptime,level,tags

Environment Variables:
JAVA_HOME=E:\_SYSTEME\_programs\Eclipse Adoptium\jdk-17.0.1.12-hotspot
PATH=E:/_SYSTEME/_programs/Eclipse Adoptium/jdk-17.0.1.12-hotspot/bin/server;E:/_SYSTEME/_programs/Eclipse Adoptium/jdk-17.0.1.12-hotspot/bin;C:\Python310\Scripts\;C:\Python310\;E:\_SYSTEME\_programs\Eclipse Adoptium\jdk-17.0.1.12-hotspot\bin;C:\Program Files\NVIDIA GPU Computing Toolkit\CUDA\v11.0\bin;C:\Program Files\NVIDIA GPU Computing Toolkit\CUDA\v11.0\libnvvp;C:\Program Files (x86)\Common Files\Oracle\Java\javapath;C:\Program Files (x86)\Intel\iCLS Client\;C:\Program Files\Intel\iCLS Client\;C:\Windows\system32;C:\Windows;C:\Windows\System32\Wbem;C:\Windows\System32\WindowsPowerShell\v1.0\;C:\Program Files (x86)\Intel\Intel(R) Management Engine Components\DAL;C:\Program Files\Intel\Intel(R) Management Engine Components\DAL;C:\Program Files (x86)\Intel\Intel(R) Management Engine Components\IPT;C:\Program Files\Intel\Intel(R) Management Engine Components\IPT;C:\WINDOWS\system32;C:\WINDOWS;C:\WINDOWS\System32\Wbem;C:\WINDOWS\System32\WindowsPowerShell\v1.0\;C:\WINDOWS\System32\OpenSSH\;C:\Program Files\Git\cmd;C:\Users\Tetia\AppData\Local\Programs\Python\Python38-32\Scripts;C:\Users\Tetia\AppData\Local\Packages\PythonSoftwareFoundation.Python.3.8_qbz5n2kfra8p0\LocalCache\local-packages\Python38\Scripts;C:\Users\Tetia\AppData\Roaming\Python\Python38\Scripts;C:\Program Files\NVIDIA GPU Computing Toolkit\CUDA\v10.1\bin;C:\Program Files\NVIDIA GPU Computing Toolkit\CUDA\v10.1\libnvvp;C:\Program Files\NVIDIA GPU Computing Toolkit\CUDA\v10.1\extras\CUPTI\libx64;C:\cuda\bin;C:\Program Files (x86)\NVIDIA Corporation\PhysX\Common;C:\Program Files\NVIDIA Corporation\NVIDIA NvDLISR;C:\Program Files (x86)\Tesseract-OCR;C:\Program Files (x86)\Tesseract-OCR\tesseract.exe;C:\Program Files\NVIDIA Corporation\Nsight Compute 2019.4.0\;C:\WINDOWS\system32;C:\WINDOWS;C:\WINDOWS\System32\Wbem;C:\WINDOWS\System32\WindowsPowerShell\v1.0\;C:\WINDOWS\System32\OpenSSH\;C:\Program Files\Docker\Docker\resources\bin;C:\ProgramData\DockerDesktop\version-bin;C:\Program Files\Common Files\Autodes
USERNAME=Tetia
OS=Windows_NT
PROCESSOR_IDENTIFIER=Intel64 Family 6 Model 158 Stepping 9, GenuineIntel



---------------  S Y S T E M  ---------------

OS:
 Windows 10 , 64 bit Build 19041 (10.0.19041.1348)
OS uptime: 0 days 5:18 hours
Hyper-V role detected

CPU: total 4 (initial active 4) (4 cores per cpu, 1 threads per core) family 6 model 158 stepping 9 microcode 0xb4, cx8, cmov, fxsr, mmx, 3dnowpref, sse, sse2, sse3, ssse3, sse4.1, sse4.2, popcnt, lzcnt, tsc, tscinvbit, avx, avx2, aes, erms, clmul, bmi1, bmi2, adx, fma, vzeroupper, clflush, clflushopt, hv

Memory: 4k page, system-wide physical 8015M (414M free)
TotalPageFile size 32591M (AvailPageFile size 0M)
current process WorkingSet (physical memory assigned to process): 27M, peak: 27M
current process commit charge ("private bytes"): 192M, peak: 194M

vm_info: OpenJDK 64-Bit Server VM (17.0.1+12) for windows-amd64 JRE (17.0.1+12), built on Oct 20 2021 07:42:55 by "" with MS VC++ 16.7 (VS2019)

END.
